2018-09-18 18:32:44 +0000 [MT] Initial pipeline context: <IDEDistributionProcessingPipelineContext: 0x7fd8487beee0; archive(resolved)='<IDEArchive: 0x7fd848461350>', distributionTask(resolved)='2', distributionMethod(resolved)='<IDEDistributionMethodiOSEnterprise: 0x7fd848753070>', team(resolved)='<IDEProvisioningBasicTeam 0x7fd8488814e0: teamID: 4D32GRDTEN, teamName: Servicemaster Consumer Services limited partnership>'>
	Chain (11, self inclusive):
	<IDEDistributionProcessingPipelineContext: 0x7fd8487beee0; archive = '<IDEArchive: 0x7fd848461350>', distributionMethod='<IDEDistributionMethodiOSEnterprise: 0x7fd848753070>', team='<IDEProvisioningBasicTeam 0x7fd8488814e0: teamID: 4D32GRDTEN, teamName: Servicemaster Consumer Services limited partnership>'>
	<IDEDistributionProcessingPipelineContext: 0x7fd8487bd7d0; archive = '<IDEArchive: 0x7fd848461350>', distributionMethod='<IDEDistributionMethodiOSEnterprise: 0x7fd848753070>', team='<IDEProvisioningBasicTeam 0x7fd8488814e0: teamID: 4D32GRDTEN, teamName: Servicemaster Consumer Services limited partnership>'>
	<IDEDistributionContext: 0x7fd8487bd690; archive = '<IDEArchive: 0x7fd848461350>', distributionMethod='<IDEDistributionMethodiOSEnterprise: 0x7fd848753070>', team='<IDEProvisioningBasicTeam 0x7fd8488814e0: teamID: 4D32GRDTEN, teamName: Servicemaster Consumer Services limited partnership>'>
	<IDEDistributionContext: 0x7fd8487ba2f0; archive = '<IDEArchive: 0x7fd848461350>', distributionMethod='<IDEDistributionMethodiOSEnterprise: 0x7fd848753070>', team='<IDEProvisioningBasicTeam 0x7fd8488814e0: teamID: 4D32GRDTEN, teamName: Servicemaster Consumer Services limited partnership>'>
	<IDEDistributionContext: 0x7fd8487a54f0; archive = '<IDEArchive: 0x7fd848461350>', distributionMethod='<IDEDistributionMethodiOSEnterprise: 0x7fd848753070>', team='<IDEProvisioningBasicTeam 0x7fd8488814e0: teamID: 4D32GRDTEN, teamName: Servicemaster Consumer Services limited partnership>'>
	<IDEDistributionContext: 0x7fd8487b5ee0; archive = '<IDEArchive: 0x7fd848461350>', distributionMethod='<IDEDistributionMethodiOSEnterprise: 0x7fd848753070>', team='<IDEProvisioningBasicTeam 0x7fd8488814e0: teamID: 4D32GRDTEN, teamName: Servicemaster Consumer Services limited partnership>'>
	<IDEDistributionContext: 0x7fd84877fc50; archive = '<IDEArchive: 0x7fd848461350>', distributionMethod='<IDEDistributionMethodiOSEnterprise: 0x7fd848753070>', team='<IDEProvisioningBasicTeam 0x7fd8488814e0: teamID: 4D32GRDTEN, teamName: Servicemaster Consumer Services limited partnership>'>
	<IDEDistributionContext: 0x7fd848788f40; archive = '<IDEArchive: 0x7fd848461350>', distributionMethod='<IDEDistributionMethodiOSEnterprise: 0x7fd848753070>', team='<IDEProvisioningBasicTeam 0x7fd8488814e0: teamID: 4D32GRDTEN, teamName: Servicemaster Consumer Services limited partnership>'>
	<IDEDistributionContext: 0x7fd848756c60; archive = '<IDEArchive: 0x7fd848461350>', distributionMethod='<IDEDistributionMethodiOSEnterprise: 0x7fd848753070>', team='<IDEProvisioningBasicTeam 0x7fd8488814e0: teamID: 4D32GRDTEN, teamName: Servicemaster Consumer Services limited partnership>'>
	<IDEDistributionContext: 0x7fd8485117e0; archive = '<IDEArchive: 0x7fd848461350>', distributionMethod='<IDEDistributionMethodiOSEnterprise: 0x7fd848753070>', team='(null)'>
	<IDEDistributionContext: 0x7fd848741bc0; archive = '<IDEArchive: 0x7fd848461350>', distributionMethod='(null)', team='(null)'>
</IDEDistributionProcessingPipelineContext: 0x7fd8487beee0>
2018-09-18 18:32:44 +0000 [MT] Processing step: IDEDistributionCreateDestRootStep
2018-09-18 18:32:44 +0000 [MT] Processing step: IDEDistributionCopyItemStep
2018-09-18 18:32:44 +0000 [MT] Running /usr/bin/ditto '-V' '/Users/neo/Downloads/TestApp/build/iphone/TestApp.xcarchive/Products/Applications/TestApp.app' '/var/folders/gq/8_ngf1fn3g9476z3dwvnk4v40000gp/T/XcodeDistPipeline.mkS/Root/Payload/TestApp.app'
2018-09-18 18:32:44 +0000  >>> Copying /Users/neo/Downloads/TestApp/build/iphone/TestApp.xcarchive/Products/Applications/TestApp.app 
2018-09-18 18:32:44 +0000  copying file ./_CodeSignature/CodeResources ... 
2018-09-18 18:32:44 +0000  13941 bytes for ./_CodeSignature/CodeResources
2018-09-18 18:32:44 +0000  copying file ./LaunchImage-1100-Portrait-2436h@3x.png ... 
2018-09-18 18:32:44 +0000  1054806 bytes for ./LaunchImage-1100-Portrait-2436h@3x.png
copying file ./iTunesArtwork ... 
2018-09-18 18:32:44 +0000  115569 bytes for ./iTunesArtwork
copying file ./TestApp ... 
2018-09-18 18:32:44 +0000  2666128 bytes for ./TestApp
2018-09-18 18:32:44 +0000  copying file ./signature/SignaturePage/signature.html ... 
4003 bytes for ./signature/SignaturePage/signature.html
copying file ./signature/SignaturePage/signature.css ... 
178 bytes for ./signature/SignaturePage/signature.css
copying file ./AppIcon60x60@2x.png ... 
21087 bytes for ./AppIcon60x60@2x.png
2018-09-18 18:32:44 +0000  copying file ./AppIcon29x29@2x.png ... 
2018-09-18 18:32:44 +0000  6401 bytes for ./AppIcon29x29@2x.png
2018-09-18 18:32:44 +0000  copying file ./LaunchImage-1100-Landscape-2436h@3x.png ... 
2018-09-18 18:32:44 +0000  1047019 bytes for ./LaunchImage-1100-Landscape-2436h@3x.png
2018-09-18 18:32:44 +0000  copying file ./LaunchImage-800-667h@2x.png ... 
2018-09-18 18:32:44 +0000  971107 bytes for ./LaunchImage-800-667h@2x.png
2018-09-18 18:32:44 +0000  copying file ./AppIcon40x40@3x.png ... 
2018-09-18 18:32:44 +0000  21087 bytes for ./AppIcon40x40@3x.png
copying file ./AppIcon29x29~ipad.png ... 
2018-09-18 18:32:44 +0000  2110 bytes for ./AppIcon29x29~ipad.png
2018-09-18 18:32:44 +0000  copying file ./AppIcon40x40@2x.png ... 
2018-09-18 18:32:44 +0000  10981 bytes for ./AppIcon40x40@2x.png
2018-09-18 18:32:44 +0000  copying file ./AppIcon29x29@3x.png ... 
2018-09-18 18:32:44 +0000  12933 bytes for ./AppIcon29x29@3x.png
2018-09-18 18:32:44 +0000  copying file ./AppIcon60x60@3x.png ... 
2018-09-18 18:32:44 +0000  36000 bytes for ./AppIcon60x60@3x.png
2018-09-18 18:32:44 +0000  copying file ./archived-expanded-entitlements.xcent ... 
2018-09-18 18:32:44 +0000  486 bytes for ./archived-expanded-entitlements.xcent
2018-09-18 18:32:44 +0000  copying file ./LaunchImage-700-Portrait~ipad.png ... 
2018-09-18 18:32:44 +0000  260678 bytes for ./LaunchImage-700-Portrait~ipad.png
copying file ./Assets.car ... 
2018-09-18 18:32:44 +0000  1334024 bytes for ./Assets.car
2018-09-18 18:32:44 +0000  copying file ./AppIcon40x40@2x~ipad.png ... 
2018-09-18 18:32:44 +0000  10981 bytes for ./AppIcon40x40@2x~ipad.png
copying file ./AppIcon76x76@2x~ipad.png ... 
2018-09-18 18:32:44 +0000  28017 bytes for ./AppIcon76x76@2x~ipad.png
2018-09-18 18:32:44 +0000  copying file ./LaunchImage-800-Portrait-736h@3x.png ... 
2018-09-18 18:32:44 +0000  723999 bytes for ./LaunchImage-800-Portrait-736h@3x.png
2018-09-18 18:32:44 +0000  copying file ./LaunchImage-700@2x.png ... 
2018-09-18 18:32:44 +0000  416322 bytes for ./LaunchImage-700@2x.png
2018-09-18 18:32:44 +0000  copying file ./AppIcon83.5x83.5@2x~ipad.png ... 
2018-09-18 18:32:44 +0000  31507 bytes for ./AppIcon83.5x83.5@2x~ipad.png
2018-09-18 18:32:44 +0000  copying file ./LaunchImage-700-568h@2x.png ... 
2018-09-18 18:32:44 +0000  609514 bytes for ./LaunchImage-700-568h@2x.png
2018-09-18 18:32:44 +0000  copying file ./LaunchScreen.storyboardc/01J-lp-oVM-view-Ze5-6b-2t3.nib ... 
2018-09-18 18:32:44 +0000  2319 bytes for ./LaunchScreen.storyboardc/01J-lp-oVM-view-Ze5-6b-2t3.nib
2018-09-18 18:32:44 +0000  copying file ./LaunchScreen.storyboardc/UIViewController-01J-lp-oVM.nib ... 
2018-09-18 18:32:44 +0000  832 bytes for ./LaunchScreen.storyboardc/UIViewController-01J-lp-oVM.nib
copying file ./LaunchScreen.storyboardc/Info.plist ... 
2018-09-18 18:32:44 +0000  258 bytes for ./LaunchScreen.storyboardc/Info.plist
2018-09-18 18:32:44 +0000  copying file ./AppIcon29x29@2x~ipad.png ... 
2018-09-18 18:32:44 +0000  6401 bytes for ./AppIcon29x29@2x~ipad.png
2018-09-18 18:32:44 +0000  copying file ./LaunchImage-700-Landscape@2x~ipad.png ... 
2018-09-18 18:32:44 +0000  1174180 bytes for ./LaunchImage-700-Landscape@2x~ipad.png
2018-09-18 18:32:44 +0000  copying file ./AppIcon40x40~ipad.png ... 
3611 bytes for ./AppIcon40x40~ipad.png
2018-09-18 18:32:44 +0000  copying file ./modules/ui/images/photoDefault.png ... 
2018-09-18 18:32:44 +0000  5355 bytes for ./modules/ui/images/photoDefault.png
2018-09-18 18:32:44 +0000  copying file ./modules/ui/images/badge.png ... 
2018-09-18 18:32:44 +0000  1167 bytes for ./modules/ui/images/badge.png
2018-09-18 18:32:44 +0000  copying file ./modules/ui/images/closeButton.png ... 
2018-09-18 18:32:44 +0000  428 bytes for ./modules/ui/images/closeButton.png
2018-09-18 18:32:44 +0000  copying file ./embedded.mobileprovision ... 
2018-09-18 18:32:44 +0000  7677 bytes for ./embedded.mobileprovision
2018-09-18 18:32:44 +0000  copying file ./LaunchImage-800-Landscape-736h@3x.png ... 
2018-09-18 18:32:44 +0000  713832 bytes for ./LaunchImage-800-Landscape-736h@3x.png
2018-09-18 18:32:44 +0000  copying file ./LaunchImage-700-Portrait@2x~ipad.png ... 
2018-09-18 18:32:44 +0000  565457 bytes for ./LaunchImage-700-Portrait@2x~ipad.png
2018-09-18 18:32:44 +0000  copying file ./LaunchImage-700-Landscape~ipad.png ... 
2018-09-18 18:32:44 +0000  184922 bytes for ./LaunchImage-700-Landscape~ipad.png
2018-09-18 18:32:44 +0000  copying file ./Info.plist ... 
2018-09-18 18:32:44 +0000  2286 bytes for ./Info.plist
2018-09-18 18:32:44 +0000  copying file ./PkgInfo ... 
2018-09-18 18:32:44 +0000  8 bytes for ./PkgInfo
2018-09-18 18:32:44 +0000  copying file ./iTunesArtwork@2x ... 
2018-09-18 18:32:44 +0000  188337 bytes for ./iTunesArtwork@2x
2018-09-18 18:32:44 +0000  copying file ./AppIcon76x76~ipad.png ... 
2018-09-18 18:32:44 +0000  10655 bytes for ./AppIcon76x76~ipad.png
2018-09-18 18:32:44 +0000  2018-09-18 18:32:44 +0000  

2018-09-18 18:32:44 +0000  2018-09-18 18:32:44 +0000 [MT] /usr/bin/ditto exited with 02018-09-18 18:32:44 +0000  


2018-09-18 18:32:44 +0000  2018-09-18 18:32:44 +0000  

2018-09-18 18:32:44 +0000 [MT] Processing step: IDEDistributionEmbedProfileStep
2018-09-18 18:32:44 +0000 [MT] Processing step: IDEDistributionAppThinningPlistStep
2018-09-18 18:32:44 +0000 [MT] Skipping step: IDEDistributionAppThinningPlistStep because it said so
2018-09-18 18:32:44 +0000 [MT] Processing step: IDEDistributionCompileBitcodeStep
2018-09-18 18:32:44 +0000 [MT] Skipping step: IDEDistributionCompileBitcodeStep because it said so
2018-09-18 18:32:44 +0000 [MT] Processing step: IDEDistributionCodeSlimmingStep
2018-09-18 18:32:44 +0000 [MT] Processing step: IDEDistributionCopyBCSymbolMapsStep
2018-09-18 18:32:44 +0000 [MT] Skipping step: IDEDistributionCopyBCSymbolMapsStep because it said so
2018-09-18 18:32:44 +0000 [MT] Processing step: IDEDistributionSymbolsStep
2018-09-18 18:32:44 +0000 [MT] Skipping step: IDEDistributionSymbolsStep because it said so
2018-09-18 18:32:44 +0000 [MT] Processing step: IDEDistributionAppThinningStep
2018-09-18 18:32:44 +0000 [MT] Skipping step: IDEDistributionAppThinningStep because it said so
2018-09-18 18:32:44 +0000 [MT] Processing step: IDEDistributionODRStep
2018-09-18 18:32:44 +0000 [MT] Processing step: IDEDistributionStripXattrsStep
2018-09-18 18:32:44 +0000 [MT] Running /usr/bin/xattr '-crs' '/var/folders/gq/8_ngf1fn3g9476z3dwvnk4v40000gp/T/XcodeDistPipeline.mkS/Root/Payload/TestApp.app'
2018-09-18 18:32:45 +0000  2018-09-18 18:32:45 +0000  

2018-09-18 18:32:45 +0000 [MT] /usr/bin/xattr exited with 0
2018-09-18 18:32:45 +0000  
2018-09-18 18:32:45 +0000  
2018-09-18 18:32:45 +0000  
2018-09-18 18:32:45 +0000 [MT] Processing step: IDEDistributionCodesignStep
2018-09-18 18:32:45 +0000 [MT] Applying entitlements delta for <IDEDistributionItem: 0x7fd848881670 'com.svm.SVMFieldServiceTEST' '<DVTFilePath:0x7fd848741830:'/Users/neo/Downloads/TestApp/build/iphone/TestApp.xcarchive/Products/Applications/TestApp.app'>'> from <IDEiCloudEntitlementsProcessor: 0x7fd8487b8c60>: {
}
2018-09-18 18:32:45 +0000 [MT] Entitlements for <IDEDistributionItem: 0x7fd848881670 'com.svm.SVMFieldServiceTEST' '<DVTFilePath:0x7fd848741830:'/Users/neo/Downloads/TestApp/build/iphone/TestApp.xcarchive/Products/Applications/TestApp.app'>'>: {
    "application-identifier" = "4D32GRDTEN.com.svm.SVMFieldServiceTEST";
    "aps-environment" = production;
    "com.apple.developer.team-identifier" = 4D32GRDTEN;
    "get-task-allow" = 0;
    "keychain-access-groups" =     (
        "4D32GRDTEN.com.svm.SVMFieldServiceTEST"
    );
}
2018-09-18 18:32:45 +0000 [MT] Writing entitlements for <IDEDistributionItem: 0x7fd848881670 'com.svm.SVMFieldServiceTEST' '<DVTFilePath:0x7fd848741830:'/Users/neo/Downloads/TestApp/build/iphone/TestApp.xcarchive/Products/Applications/TestApp.app'>'> to: /var/folders/gq/8_ngf1fn3g9476z3dwvnk4v40000gp/T/XcodeDistPipeline.mkS/entitlementsATgsWb
2018-09-18 18:32:45 +0000 [MT] Running /usr/bin/codesign '-vvv' '--force' '--sign' '78DF28B87A6CA7FB1410204EA16E3BD821380C8F' '--preserve-metadata=identifier,flags' '--entitlements' '/var/folders/gq/8_ngf1fn3g9476z3dwvnk4v40000gp/T/XcodeDistPipeline.mkS/entitlementsATgsWb' '/var/folders/gq/8_ngf1fn3g9476z3dwvnk4v40000gp/T/XcodeDistPipeline.mkS/Root/Payload/TestApp.app'
2018-09-18 18:32:45 +0000  /var/folders/gq/8_ngf1fn3g9476z3dwvnk4v40000gp/T/XcodeDistPipeline.mkS/Root/Payload/TestApp.app: replacing existing signature
2018-09-18 18:32:45 +0000  /var/folders/gq/8_ngf1fn3g9476z3dwvnk4v40000gp/T/XcodeDistPipeline.mkS/Root/Payload/TestApp.app: signed app bundle with Mach-O universal (armv7 arm64) [com.svm.SVMFieldServiceTEST]
2018-09-18 18:32:45 +0000  
2018-09-18 18:32:45 +0000  
2018-09-18 18:32:45 +0000  2018-09-18 18:32:45 +0000  

2018-09-18 18:32:45 +0000 [MT] /usr/bin/codesign exited with 0
2018-09-18 18:32:45 +0000  
2018-09-18 18:32:45 +0000 [MT] Processing step: IDEDistributionStreamingZipItemStep
2018-09-18 18:32:45 +0000 [MT] Skipping step: IDEDistributionStreamingZipItemStep because it said so
2018-09-18 18:32:45 +0000 [MT] Processing step: IDEDistributionCreateIPAStep
2018-09-18 18:32:45 +0000 [MT] Running /usr/bin/ditto '-V' '-c' '-k' '--norsrc' '/var/folders/gq/8_ngf1fn3g9476z3dwvnk4v40000gp/T/XcodeDistPipeline.mkS/Root' '/var/folders/gq/8_ngf1fn3g9476z3dwvnk4v40000gp/T/XcodeDistPipeline.mkS/Packages/TestApp.ipa'
2018-09-18 18:32:45 +0000  >>> Copying /var/folders/gq/8_ngf1fn3g9476z3dwvnk4v40000gp/T/XcodeDistPipeline.mkS/Root 
2018-09-18 18:32:45 +0000  copying file ./Payload/TestApp.app/_CodeSignature/CodeResources ... 
2018-09-18 18:32:45 +0000  13941 bytes for ./Payload/TestApp.app/_CodeSignature/CodeResources
2018-09-18 18:32:45 +0000  copying file ./Payload/TestApp.app/LaunchImage-1100-Portrait-2436h@3x.png ... 
2018-09-18 18:32:45 +0000  1054806 bytes for ./Payload/TestApp.app/LaunchImage-1100-Portrait-2436h@3x.png
2018-09-18 18:32:45 +0000  copying file ./Payload/TestApp.app/iTunesArtwork ... 
2018-09-18 18:32:45 +0000  115569 bytes for ./Payload/TestApp.app/iTunesArtwork
2018-09-18 18:32:45 +0000  copying file ./Payload/TestApp.app/TestApp ... 
2018-09-18 18:32:45 +0000  2666128 bytes for ./Payload/TestApp.app/TestApp
2018-09-18 18:32:45 +0000  copying file ./Payload/TestApp.app/signature/SignaturePage/signature.html ... 
4003 bytes for ./Payload/TestApp.app/signature/SignaturePage/signature.html
copying file ./Payload/TestApp.app/signature/SignaturePage/signature.css ... 
178 bytes for ./Payload/TestApp.app/signature/SignaturePage/signature.css
copying file ./Payload/TestApp.app/AppIcon60x60@2x.png ... 
2018-09-18 18:32:45 +0000  21087 bytes for ./Payload/TestApp.app/AppIcon60x60@2x.png
copying file ./Payload/TestApp.app/AppIcon29x29@2x.png ... 
2018-09-18 18:32:45 +0000  6401 bytes for ./Payload/TestApp.app/AppIcon29x29@2x.png
copying file ./Payload/TestApp.app/LaunchImage-1100-Landscape-2436h@3x.png ... 
2018-09-18 18:32:45 +0000  1047019 bytes for ./Payload/TestApp.app/LaunchImage-1100-Landscape-2436h@3x.png
copying file ./Payload/TestApp.app/LaunchImage-800-667h@2x.png ... 
2018-09-18 18:32:45 +0000  971107 bytes for ./Payload/TestApp.app/LaunchImage-800-667h@2x.png
copying file ./Payload/TestApp.app/AppIcon40x40@3x.png ... 
2018-09-18 18:32:45 +0000  21087 bytes for ./Payload/TestApp.app/AppIcon40x40@3x.png
copying file ./Payload/TestApp.app/AppIcon29x29~ipad.png ... 
2018-09-18 18:32:45 +0000  2110 bytes for ./Payload/TestApp.app/AppIcon29x29~ipad.png
2018-09-18 18:32:45 +0000  copying file ./Payload/TestApp.app/AppIcon40x40@2x.png ... 
2018-09-18 18:32:45 +0000  10981 bytes for ./Payload/TestApp.app/AppIcon40x40@2x.png
copying file ./Payload/TestApp.app/AppIcon29x29@3x.png ... 
2018-09-18 18:32:45 +0000  12933 bytes for ./Payload/TestApp.app/AppIcon29x29@3x.png
copying file ./Payload/TestApp.app/AppIcon60x60@3x.png ... 
2018-09-18 18:32:45 +0000  36000 bytes for ./Payload/TestApp.app/AppIcon60x60@3x.png
copying file ./Payload/TestApp.app/archived-expanded-entitlements.xcent ... 
2018-09-18 18:32:45 +0000  486 bytes for ./Payload/TestApp.app/archived-expanded-entitlements.xcent
copying file ./Payload/TestApp.app/LaunchImage-700-Portrait~ipad.png ... 
2018-09-18 18:32:45 +0000  260678 bytes for ./Payload/TestApp.app/LaunchImage-700-Portrait~ipad.png
2018-09-18 18:32:45 +0000  copying file ./Payload/TestApp.app/Assets.car ... 
2018-09-18 18:32:45 +0000  1334024 bytes for ./Payload/TestApp.app/Assets.car
2018-09-18 18:32:45 +0000  copying file ./Payload/TestApp.app/AppIcon40x40@2x~ipad.png ... 
10981 bytes for ./Payload/TestApp.app/AppIcon40x40@2x~ipad.png
copying file ./Payload/TestApp.app/AppIcon76x76@2x~ipad.png ... 
2018-09-18 18:32:45 +0000  28017 bytes for ./Payload/TestApp.app/AppIcon76x76@2x~ipad.png
2018-09-18 18:32:45 +0000  copying file ./Payload/TestApp.app/LaunchImage-800-Portrait-736h@3x.png ... 
2018-09-18 18:32:45 +0000  723999 bytes for ./Payload/TestApp.app/LaunchImage-800-Portrait-736h@3x.png
2018-09-18 18:32:45 +0000  copying file ./Payload/TestApp.app/LaunchImage-700@2x.png ... 
2018-09-18 18:32:45 +0000  416322 bytes for ./Payload/TestApp.app/LaunchImage-700@2x.png
copying file ./Payload/TestApp.app/AppIcon83.5x83.5@2x~ipad.png ... 
2018-09-18 18:32:45 +0000  31507 bytes for ./Payload/TestApp.app/AppIcon83.5x83.5@2x~ipad.png
copying file ./Payload/TestApp.app/LaunchImage-700-568h@2x.png ... 
2018-09-18 18:32:45 +0000  609514 bytes for ./Payload/TestApp.app/LaunchImage-700-568h@2x.png
2018-09-18 18:32:45 +0000  copying file ./Payload/TestApp.app/LaunchScreen.storyboardc/01J-lp-oVM-view-Ze5-6b-2t3.nib ... 
2018-09-18 18:32:45 +0000  2319 bytes for ./Payload/TestApp.app/LaunchScreen.storyboardc/01J-lp-oVM-view-Ze5-6b-2t3.nib
copying file ./Payload/TestApp.app/LaunchScreen.storyboardc/UIViewController-01J-lp-oVM.nib ... 
832 bytes for ./Payload/TestApp.app/LaunchScreen.storyboardc/UIViewController-01J-lp-oVM.nib
copying file ./Payload/TestApp.app/LaunchScreen.storyboardc/Info.plist ... 
2018-09-18 18:32:45 +0000  258 bytes for ./Payload/TestApp.app/LaunchScreen.storyboardc/Info.plist
2018-09-18 18:32:45 +0000  copying file ./Payload/TestApp.app/AppIcon29x29@2x~ipad.png ... 
2018-09-18 18:32:45 +0000  6401 bytes for ./Payload/TestApp.app/AppIcon29x29@2x~ipad.png
2018-09-18 18:32:45 +0000  copying file ./Payload/TestApp.app/LaunchImage-700-Landscape@2x~ipad.png ... 
2018-09-18 18:32:45 +0000  1174180 bytes for ./Payload/TestApp.app/LaunchImage-700-Landscape@2x~ipad.png
2018-09-18 18:32:45 +0000  copying file ./Payload/TestApp.app/AppIcon40x40~ipad.png ... 
2018-09-18 18:32:45 +0000  3611 bytes for ./Payload/TestApp.app/AppIcon40x40~ipad.png
2018-09-18 18:32:45 +0000  copying file ./Payload/TestApp.app/modules/ui/images/photoDefault.png ... 
2018-09-18 18:32:45 +0000  5355 bytes for ./Payload/TestApp.app/modules/ui/images/photoDefault.png
2018-09-18 18:32:45 +0000  copying file ./Payload/TestApp.app/modules/ui/images/badge.png ... 
2018-09-18 18:32:45 +0000  1167 bytes for ./Payload/TestApp.app/modules/ui/images/badge.png
copying file ./Payload/TestApp.app/modules/ui/images/closeButton.png ... 
2018-09-18 18:32:45 +0000  428 bytes for ./Payload/TestApp.app/modules/ui/images/closeButton.png
2018-09-18 18:32:45 +0000  copying file ./Payload/TestApp.app/embedded.mobileprovision ... 
2018-09-18 18:32:45 +0000  7677 bytes for ./Payload/TestApp.app/embedded.mobileprovision
2018-09-18 18:32:45 +0000  copying file ./Payload/TestApp.app/LaunchImage-800-Landscape-736h@3x.png ... 
2018-09-18 18:32:45 +0000  713832 bytes for ./Payload/TestApp.app/LaunchImage-800-Landscape-736h@3x.png
copying file ./Payload/TestApp.app/LaunchImage-700-Portrait@2x~ipad.png ... 
2018-09-18 18:32:45 +0000  565457 bytes for ./Payload/TestApp.app/LaunchImage-700-Portrait@2x~ipad.png
copying file ./Payload/TestApp.app/LaunchImage-700-Landscape~ipad.png ... 
2018-09-18 18:32:45 +0000  184922 bytes for ./Payload/TestApp.app/LaunchImage-700-Landscape~ipad.png
copying file ./Payload/TestApp.app/Info.plist ... 
2018-09-18 18:32:45 +0000  2286 bytes for ./Payload/TestApp.app/Info.plist
copying file ./Payload/TestApp.app/PkgInfo ... 
2018-09-18 18:32:45 +0000  8 bytes for ./Payload/TestApp.app/PkgInfo
copying file ./Payload/TestApp.app/iTunesArtwork@2x ... 
2018-09-18 18:32:45 +0000  188337 bytes for ./Payload/TestApp.app/iTunesArtwork@2x
copying file ./Payload/TestApp.app/AppIcon76x76~ipad.png ... 
2018-09-18 18:32:45 +0000  10655 bytes for ./Payload/TestApp.app/AppIcon76x76~ipad.png
2018-09-18 18:32:45 +0000  2018-09-18 18:32:45 +0000  

2018-09-18 18:32:45 +0000 [MT] /usr/bin/ditto exited with 0
2018-09-18 18:32:45 +0000  
2018-09-18 18:32:45 +0000  
2018-09-18 18:32:45 +0000 [MT] Processing step: IDEDistributionCreateManifestStep
